INFO Selected: Output dir: ./out/intermediate/place_seqs/epa_out/
INFO Selected: Query file: ./out/intermediate/place_seqs/study_seqs_hmmalign.fasta
INFO Selected: Tree file: /home/luohao/miniconda3/envs/picrust2/lib/python3.6/site-packages/picrust2/default_files/prokaryotic/pro_ref/pro_ref.tre
INFO Selected: Reference MSA: ./out/intermediate/place_seqs/ref_seqs_hmmalign.fasta
INFO Selected: Filtering by accumulated threshold: 0.99
INFO Selected: Maximum number of placements per query: 100
INFO Selected: Automatic switching of use of per rate scalers
INFO Selected: Preserving the root of the input tree
INFO Selected: Specified model file: /home/luohao/miniconda3/envs/picrust2/lib/python3.6/site-packages/picrust2/default_files/prokaryotic/pro_ref/pro_ref.model
INFO    Rate heterogeneity: GAMMA (4 cats, mean),  alpha: 0.453141 (user),  weights&rates: (0.25,0.0250674) (0.25,0.220229) (0.25,0.782933) (0.25,2.97177) 
        Base frequencies (user): 0.229585 0.22008 0.298596 0.251739 
        Substitution rates (user): 1.00319 2.79077 1.5301 0.87441 3.83966 1
INFO Selected: Reading queries in chunks of: 5000
INFO Selected: Using threads: 8
INFO     ______ ____   ___           _   __ ______
        / ____// __ \ /   |         / | / // ____/
       / __/  / /_/ // /| | ______ /  |/ // / __  
      / /___ / ____// ___ |/_____// /|  // /_/ /  
     /_____//_/    /_/  |_|      /_/ |_/ \____/ (v0.3.6)
INFO Output file: ./out/intermediate/place_seqs/epa_out/epa_result.jplace
