Assuming unrestricted shared filesystem usage.
None
host: DESKTOP-AN5766Q
Building DAG of jobs...
Using shell: /usr/bin/bash
Provided cores: 8
Rules claiming more threads will be scaled down.
Job stats:
job                     count
--------------------  -------
all                         1
sintax_summary_clean        6
summary_report              1
total                       8

Select jobs to execute...
Execute 7 jobs...
[Wed Sep 10 17:33:39 2025]
localrule sintax_summary_clean:
    input: results/taxonomy/otus_raw.sintax, results/feature_table/otutab_rare.txt
    output: results/taxonomic_summary/sum_g.txt
    jobid: 41
    reason: Missing output files: results/taxonomic_summary/sum_g.txt; Code has changed since last execution; Params have changed since last execution: Union of exclusive params before and now across all output: before: ['p', 'c', 'o', 'f', 'g', 's'] now: 'g' 
    wildcards: rank=g
    resources: tmpdir=/tmp
[Wed Sep 10 17:33:39 2025]
localrule sintax_summary_clean:
    input: results/taxonomy/otus_raw.sintax, results/feature_table/otutab_rare.txt
    output: results/taxonomic_summary/sum_c.txt
    jobid: 38
    reason: Missing output files: results/taxonomic_summary/sum_c.txt; Code has changed since last execution; Params have changed since last execution: Union of exclusive params before and now across all output: before: ['p', 'c', 'o', 'f', 'g', 's'] now: 'c' 
    wildcards: rank=c
    resources: tmpdir=/tmp
[Wed Sep 10 17:33:39 2025]
localrule sintax_summary_clean:
    input: results/taxonomy/otus_raw.sintax, results/feature_table/otutab_rare.txt
    output: results/taxonomic_summary/sum_s.txt
    jobid: 42
    reason: Missing output files: results/taxonomic_summary/sum_s.txt; Code has changed since last execution; Params have changed since last execution: Union of exclusive params before and now across all output: before: ['p', 'c', 'o', 'f', 'g', 's'] now: 's' 
    wildcards: rank=s
    resources: tmpdir=/tmp
[Wed Sep 10 17:33:39 2025]
localrule sintax_summary_clean:
    input: results/taxonomy/otus_raw.sintax, results/feature_table/otutab_rare.txt
    output: results/taxonomic_summary/sum_o.txt
    jobid: 39
    reason: Missing output files: results/taxonomic_summary/sum_o.txt; Code has changed since last execution; Params have changed since last execution: Union of exclusive params before and now across all output: before: ['p', 'c', 'o', 'f', 'g', 's'] now: 'o' 
    wildcards: rank=o
    resources: tmpdir=/tmp
[Wed Sep 10 17:33:39 2025]
localrule summary_report:
    input: results/qc/seqkit_stats.txt, results/qc/filtered_stats.txt, results/feature_table/otutab_clean.txt, results/alpha_diversity/alpha.txt
    output: results/summary_report.txt
    jobid: 43
    reason: Missing output files: results/summary_report.txt
    resources: tmpdir=/tmp
[Wed Sep 10 17:33:39 2025]
localrule sintax_summary_clean:
    input: results/taxonomy/otus_raw.sintax, results/feature_table/otutab_rare.txt
    output: results/taxonomic_summary/sum_f.txt
    jobid: 40
    reason: Missing output files: results/taxonomic_summary/sum_f.txt; Code has changed since last execution; Params have changed since last execution: Union of exclusive params before and now across all output: before: ['p', 'c', 'o', 'f', 'g', 's'] now: 'f' 
    wildcards: rank=f
    resources: tmpdir=/tmp
[Wed Sep 10 17:33:39 2025]
localrule sintax_summary_clean:
    input: results/taxonomy/otus_raw.sintax, results/feature_table/otutab_rare.txt
    output: results/taxonomic_summary/sum_p.txt
    jobid: 37
    reason: Missing output files: results/taxonomic_summary/sum_p.txt; Code has changed since last execution; Params have changed since last execution: Union of exclusive params before and now across all output: before: ['p', 'c', 'o', 'f', 'g', 's'] now: 'p' 
    wildcards: rank=p
    resources: tmpdir=/tmp
RuleException:
CalledProcessError in file "/mnt/d/EasyAmplicon2/snakemake/Snakefile_noconda", line 380:
Command 'set -euo pipefail;  
        usearch -sintax_summary results/taxonomy/otus_raw.sintax                 -otutabin results/feature_table/otutab_rare.txt                 -rank g         | sed 's/(//g;s/)//g;s/"//g;s/#//g;s/\/Chloroplast//g' > results/taxonomic_summary/sum_g.txt' returned non-zero exit status 1.
[Wed Sep 10 17:33:40 2025]
Error in rule sintax_summary_clean:
    message: None
    jobid: 41
    input: results/taxonomy/otus_raw.sintax, results/feature_table/otutab_rare.txt
    output: results/taxonomic_summary/sum_g.txt
    shell:
        
        usearch -sintax_summary results/taxonomy/otus_raw.sintax                 -otutabin results/feature_table/otutab_rare.txt                 -rank g         | sed 's/(//g;s/)//g;s/"//g;s/#//g;s/\/Chloroplast//g' > results/taxonomic_summary/sum_g.txt
        
        (command exited with non-zero exit code)
Removing output files of failed job sintax_summary_clean since they might be corrupted:
results/taxonomic_summary/sum_g.txt
[Wed Sep 10 17:33:40 2025]
Finished jobid: 43 (Rule: summary_report)
1 of 8 steps (12%) done
RuleException:
CalledProcessError in file "/mnt/d/EasyAmplicon2/snakemake/Snakefile_noconda", line 380:
Command 'set -euo pipefail;  
        usearch -sintax_summary results/taxonomy/otus_raw.sintax                 -otutabin results/feature_table/otutab_rare.txt                 -rank c         | sed 's/(//g;s/)//g;s/"//g;s/#//g;s/\/Chloroplast//g' > results/taxonomic_summary/sum_c.txt' returned non-zero exit status 1.
[Wed Sep 10 17:33:40 2025]
Error in rule sintax_summary_clean:
    message: None
    jobid: 38
    input: results/taxonomy/otus_raw.sintax, results/feature_table/otutab_rare.txt
    output: results/taxonomic_summary/sum_c.txt
    shell:
        
        usearch -sintax_summary results/taxonomy/otus_raw.sintax                 -otutabin results/feature_table/otutab_rare.txt                 -rank c         | sed 's/(//g;s/)//g;s/"//g;s/#//g;s/\/Chloroplast//g' > results/taxonomic_summary/sum_c.txt
        
        (command exited with non-zero exit code)
Removing output files of failed job sintax_summary_clean since they might be corrupted:
results/taxonomic_summary/sum_c.txt
RuleException:
CalledProcessError in file "/mnt/d/EasyAmplicon2/snakemake/Snakefile_noconda", line 380:
Command 'set -euo pipefail;  
        usearch -sintax_summary results/taxonomy/otus_raw.sintax                 -otutabin results/feature_table/otutab_rare.txt                 -rank s         | sed 's/(//g;s/)//g;s/"//g;s/#//g;s/\/Chloroplast//g' > results/taxonomic_summary/sum_s.txt' returned non-zero exit status 1.
[Wed Sep 10 17:33:40 2025]
Error in rule sintax_summary_clean:
    message: None
    jobid: 42
    input: results/taxonomy/otus_raw.sintax, results/feature_table/otutab_rare.txt
    output: results/taxonomic_summary/sum_s.txt
    shell:
        
        usearch -sintax_summary results/taxonomy/otus_raw.sintax                 -otutabin results/feature_table/otutab_rare.txt                 -rank s         | sed 's/(//g;s/)//g;s/"//g;s/#//g;s/\/Chloroplast//g' > results/taxonomic_summary/sum_s.txt
        
        (command exited with non-zero exit code)
Removing output files of failed job sintax_summary_clean since they might be corrupted:
results/taxonomic_summary/sum_s.txt
RuleException:
CalledProcessError in file "/mnt/d/EasyAmplicon2/snakemake/Snakefile_noconda", line 380:
Command 'set -euo pipefail;  
        usearch -sintax_summary results/taxonomy/otus_raw.sintax                 -otutabin results/feature_table/otutab_rare.txt                 -rank o         | sed 's/(//g;s/)//g;s/"//g;s/#//g;s/\/Chloroplast//g' > results/taxonomic_summary/sum_o.txt' returned non-zero exit status 1.
[Wed Sep 10 17:33:40 2025]
Error in rule sintax_summary_clean:
    message: None
    jobid: 39
    input: results/taxonomy/otus_raw.sintax, results/feature_table/otutab_rare.txt
    output: results/taxonomic_summary/sum_o.txt
    shell:
        
        usearch -sintax_summary results/taxonomy/otus_raw.sintax                 -otutabin results/feature_table/otutab_rare.txt                 -rank o         | sed 's/(//g;s/)//g;s/"//g;s/#//g;s/\/Chloroplast//g' > results/taxonomic_summary/sum_o.txt
        
        (command exited with non-zero exit code)
Removing output files of failed job sintax_summary_clean since they might be corrupted:
results/taxonomic_summary/sum_o.txt
RuleException:
CalledProcessError in file "/mnt/d/EasyAmplicon2/snakemake/Snakefile_noconda", line 380:
Command 'set -euo pipefail;  
        usearch -sintax_summary results/taxonomy/otus_raw.sintax                 -otutabin results/feature_table/otutab_rare.txt                 -rank f         | sed 's/(//g;s/)//g;s/"//g;s/#//g;s/\/Chloroplast//g' > results/taxonomic_summary/sum_f.txt' returned non-zero exit status 1.
[Wed Sep 10 17:33:40 2025]
Error in rule sintax_summary_clean:
    message: None
    jobid: 40
    input: results/taxonomy/otus_raw.sintax, results/feature_table/otutab_rare.txt
    output: results/taxonomic_summary/sum_f.txt
    shell:
        
        usearch -sintax_summary results/taxonomy/otus_raw.sintax                 -otutabin results/feature_table/otutab_rare.txt                 -rank f         | sed 's/(//g;s/)//g;s/"//g;s/#//g;s/\/Chloroplast//g' > results/taxonomic_summary/sum_f.txt
        
        (command exited with non-zero exit code)
RuleException:
CalledProcessError in file "/mnt/d/EasyAmplicon2/snakemake/Snakefile_noconda", line 380:
Command 'set -euo pipefail;  
        usearch -sintax_summary results/taxonomy/otus_raw.sintax                 -otutabin results/feature_table/otutab_rare.txt                 -rank p         | sed 's/(//g;s/)//g;s/"//g;s/#//g;s/\/Chloroplast//g' > results/taxonomic_summary/sum_p.txt' returned non-zero exit status 1.
[Wed Sep 10 17:33:40 2025]
Error in rule sintax_summary_clean:
    message: None
    jobid: 37
    input: results/taxonomy/otus_raw.sintax, results/feature_table/otutab_rare.txt
    output: results/taxonomic_summary/sum_p.txt
    shell:
        
        usearch -sintax_summary results/taxonomy/otus_raw.sintax                 -otutabin results/feature_table/otutab_rare.txt                 -rank p         | sed 's/(//g;s/)//g;s/"//g;s/#//g;s/\/Chloroplast//g' > results/taxonomic_summary/sum_p.txt
        
        (command exited with non-zero exit code)
Removing output files of failed job sintax_summary_clean since they might be corrupted:
results/taxonomic_summary/sum_f.txt
Removing output files of failed job sintax_summary_clean since they might be corrupted:
results/taxonomic_summary/sum_p.txt
Shutting down, this might take some time.
Exiting because a job execution failed. Look below for error messages
[Wed Sep 10 17:33:40 2025]
Error in rule sintax_summary_clean:
    message: None
    jobid: 38
    input: results/taxonomy/otus_raw.sintax, results/feature_table/otutab_rare.txt
    output: results/taxonomic_summary/sum_c.txt
    shell:
        
        usearch -sintax_summary results/taxonomy/otus_raw.sintax                 -otutabin results/feature_table/otutab_rare.txt                 -rank c         | sed 's/(//g;s/)//g;s/"//g;s/#//g;s/\/Chloroplast//g' > results/taxonomic_summary/sum_c.txt
        
        (command exited with non-zero exit code)
[Wed Sep 10 17:33:40 2025]
Error in rule sintax_summary_clean:
    message: None
    jobid: 42
    input: results/taxonomy/otus_raw.sintax, results/feature_table/otutab_rare.txt
    output: results/taxonomic_summary/sum_s.txt
    shell:
        
        usearch -sintax_summary results/taxonomy/otus_raw.sintax                 -otutabin results/feature_table/otutab_rare.txt                 -rank s         | sed 's/(//g;s/)//g;s/"//g;s/#//g;s/\/Chloroplast//g' > results/taxonomic_summary/sum_s.txt
        
        (command exited with non-zero exit code)
[Wed Sep 10 17:33:40 2025]
Error in rule sintax_summary_clean:
    message: None
    jobid: 39
    input: results/taxonomy/otus_raw.sintax, results/feature_table/otutab_rare.txt
    output: results/taxonomic_summary/sum_o.txt
    shell:
        
        usearch -sintax_summary results/taxonomy/otus_raw.sintax                 -otutabin results/feature_table/otutab_rare.txt                 -rank o         | sed 's/(//g;s/)//g;s/"//g;s/#//g;s/\/Chloroplast//g' > results/taxonomic_summary/sum_o.txt
        
        (command exited with non-zero exit code)
[Wed Sep 10 17:33:40 2025]
Error in rule sintax_summary_clean:
    message: None
    jobid: 37
    input: results/taxonomy/otus_raw.sintax, results/feature_table/otutab_rare.txt
    output: results/taxonomic_summary/sum_p.txt
    shell:
        
        usearch -sintax_summary results/taxonomy/otus_raw.sintax                 -otutabin results/feature_table/otutab_rare.txt                 -rank p         | sed 's/(//g;s/)//g;s/"//g;s/#//g;s/\/Chloroplast//g' > results/taxonomic_summary/sum_p.txt
        
        (command exited with non-zero exit code)
[Wed Sep 10 17:33:40 2025]
Error in rule sintax_summary_clean:
    message: None
    jobid: 40
    input: results/taxonomy/otus_raw.sintax, results/feature_table/otutab_rare.txt
    output: results/taxonomic_summary/sum_f.txt
    shell:
        
        usearch -sintax_summary results/taxonomy/otus_raw.sintax                 -otutabin results/feature_table/otutab_rare.txt                 -rank f         | sed 's/(//g;s/)//g;s/"//g;s/#//g;s/\/Chloroplast//g' > results/taxonomic_summary/sum_f.txt
        
        (command exited with non-zero exit code)
[Wed Sep 10 17:33:40 2025]
Error in rule sintax_summary_clean:
    message: None
    jobid: 41
    input: results/taxonomy/otus_raw.sintax, results/feature_table/otutab_rare.txt
    output: results/taxonomic_summary/sum_g.txt
    shell:
        
        usearch -sintax_summary results/taxonomy/otus_raw.sintax                 -otutabin results/feature_table/otutab_rare.txt                 -rank g         | sed 's/(//g;s/)//g;s/"//g;s/#//g;s/\/Chloroplast//g' > results/taxonomic_summary/sum_g.txt
        
        (command exited with non-zero exit code)
Complete log(s): /mnt/d/EasyAmplicon2/snakemake/.snakemake/log/2025-09-10T173339.114314.snakemake.log
WorkflowError:
At least one job did not complete successfully.
