Assuming unrestricted shared filesystem usage.
None
host: DESKTOP-AN5766Q
Building DAG of jobs...
Using shell: /usr/bin/bash
Provided cores: 8
Rules claiming more threads will be scaled down.
Job stats:
job                     count
--------------------  -------
all                         1
sintax_summary_clean        6
total                       7

Select jobs to execute...
Execute 6 jobs...
[Thu Sep 11 09:16:19 2025]
localrule sintax_summary_clean:
    input: results/taxonomy/otus_raw.sintax, results/feature_table/otutab_rare.txt
    output: results/taxonomic_summary/sum_g.txt
    jobid: 41
    reason: Missing output files: results/taxonomic_summary/sum_g.txt
    wildcards: rank=g
    resources: tmpdir=/tmp
[Thu Sep 11 09:16:19 2025]
localrule sintax_summary_clean:
    input: results/taxonomy/otus_raw.sintax, results/feature_table/otutab_rare.txt
    output: results/taxonomic_summary/sum_c.txt
    jobid: 38
    reason: Missing output files: results/taxonomic_summary/sum_c.txt
    wildcards: rank=c
    resources: tmpdir=/tmp
[Thu Sep 11 09:16:19 2025]
localrule sintax_summary_clean:
    input: results/taxonomy/otus_raw.sintax, results/feature_table/otutab_rare.txt
    output: results/taxonomic_summary/sum_s.txt
    jobid: 42
    reason: Missing output files: results/taxonomic_summary/sum_s.txt
    wildcards: rank=s
    resources: tmpdir=/tmp
[Thu Sep 11 09:16:19 2025]
localrule sintax_summary_clean:
    input: results/taxonomy/otus_raw.sintax, results/feature_table/otutab_rare.txt
    output: results/taxonomic_summary/sum_o.txt
    jobid: 39
    reason: Missing output files: results/taxonomic_summary/sum_o.txt
    wildcards: rank=o
    resources: tmpdir=/tmp
[Thu Sep 11 09:16:19 2025]
localrule sintax_summary_clean:
    input: results/taxonomy/otus_raw.sintax, results/feature_table/otutab_rare.txt
    output: results/taxonomic_summary/sum_f.txt
    jobid: 40
    reason: Missing output files: results/taxonomic_summary/sum_f.txt
    wildcards: rank=f
    resources: tmpdir=/tmp
[Thu Sep 11 09:16:19 2025]
localrule sintax_summary_clean:
    input: results/taxonomy/otus_raw.sintax, results/feature_table/otutab_rare.txt
    output: results/taxonomic_summary/sum_p.txt
    jobid: 37
    reason: Missing output files: results/taxonomic_summary/sum_p.txt
    wildcards: rank=p
    resources: tmpdir=/tmp
RuleException:
CalledProcessError in file "/mnt/d/EasyAmplicon2/snakemake/Snakefile_noconda", line 380:
Command 'set -euo pipefail;  
        usearch -sintax_summary results/taxonomy/otus_raw.sintax                 -otutabin results/feature_table/otutab_rare.txt                 -rank g         | sed 's/(//g;s/)//g;s/"//g;s/#//g;s/\/Chloroplast//g' > results/taxonomic_summary/sum_g.txt' returned non-zero exit status 126.
[Thu Sep 11 09:16:19 2025]
Error in rule sintax_summary_clean:
    message: None
    jobid: 41
    input: results/taxonomy/otus_raw.sintax, results/feature_table/otutab_rare.txt
    output: results/taxonomic_summary/sum_g.txt
    shell:
        
        usearch -sintax_summary results/taxonomy/otus_raw.sintax                 -otutabin results/feature_table/otutab_rare.txt                 -rank g         | sed 's/(//g;s/)//g;s/"//g;s/#//g;s/\/Chloroplast//g' > results/taxonomic_summary/sum_g.txt
        
        (command exited with non-zero exit code)
RuleException:
CalledProcessError in file "/mnt/d/EasyAmplicon2/snakemake/Snakefile_noconda", line 380:
Command 'set -euo pipefail;  
        usearch -sintax_summary results/taxonomy/otus_raw.sintax                 -otutabin results/feature_table/otutab_rare.txt                 -rank c         | sed 's/(//g;s/)//g;s/"//g;s/#//g;s/\/Chloroplast//g' > results/taxonomic_summary/sum_c.txt' returned non-zero exit status 126.
[Thu Sep 11 09:16:19 2025]
Error in rule sintax_summary_clean:
    message: None
    jobid: 38
    input: results/taxonomy/otus_raw.sintax, results/feature_table/otutab_rare.txt
    output: results/taxonomic_summary/sum_c.txt
    shell:
        
        usearch -sintax_summary results/taxonomy/otus_raw.sintax                 -otutabin results/feature_table/otutab_rare.txt                 -rank c         | sed 's/(//g;s/)//g;s/"//g;s/#//g;s/\/Chloroplast//g' > results/taxonomic_summary/sum_c.txt
        
        (command exited with non-zero exit code)
RuleException:
CalledProcessError in file "/mnt/d/EasyAmplicon2/snakemake/Snakefile_noconda", line 380:
Command 'set -euo pipefail;  
        usearch -sintax_summary results/taxonomy/otus_raw.sintax                 -otutabin results/feature_table/otutab_rare.txt                 -rank s         | sed 's/(//g;s/)//g;s/"//g;s/#//g;s/\/Chloroplast//g' > results/taxonomic_summary/sum_s.txt' returned non-zero exit status 126.
[Thu Sep 11 09:16:19 2025]
Error in rule sintax_summary_clean:
    message: None
    jobid: 42
    input: results/taxonomy/otus_raw.sintax, results/feature_table/otutab_rare.txt
    output: results/taxonomic_summary/sum_s.txt
    shell:
        
        usearch -sintax_summary results/taxonomy/otus_raw.sintax                 -otutabin results/feature_table/otutab_rare.txt                 -rank s         | sed 's/(//g;s/)//g;s/"//g;s/#//g;s/\/Chloroplast//g' > results/taxonomic_summary/sum_s.txt
        
        (command exited with non-zero exit code)
Removing output files of failed job sintax_summary_clean since they might be corrupted:
results/taxonomic_summary/sum_g.txt
RuleException:
CalledProcessError in file "/mnt/d/EasyAmplicon2/snakemake/Snakefile_noconda", line 380:
Command 'set -euo pipefail;  
        usearch -sintax_summary results/taxonomy/otus_raw.sintax                 -otutabin results/feature_table/otutab_rare.txt                 -rank o         | sed 's/(//g;s/)//g;s/"//g;s/#//g;s/\/Chloroplast//g' > results/taxonomic_summary/sum_o.txt' returned non-zero exit status 126.
[Thu Sep 11 09:16:19 2025]
Error in rule sintax_summary_clean:
    message: None
    jobid: 39
    input: results/taxonomy/otus_raw.sintax, results/feature_table/otutab_rare.txt
    output: results/taxonomic_summary/sum_o.txt
    shell:
        
        usearch -sintax_summary results/taxonomy/otus_raw.sintax                 -otutabin results/feature_table/otutab_rare.txt                 -rank o         | sed 's/(//g;s/)//g;s/"//g;s/#//g;s/\/Chloroplast//g' > results/taxonomic_summary/sum_o.txt
        
        (command exited with non-zero exit code)
RuleException:
CalledProcessError in file "/mnt/d/EasyAmplicon2/snakemake/Snakefile_noconda", line 380:
Command 'set -euo pipefail;  
        usearch -sintax_summary results/taxonomy/otus_raw.sintax                 -otutabin results/feature_table/otutab_rare.txt                 -rank f         | sed 's/(//g;s/)//g;s/"//g;s/#//g;s/\/Chloroplast//g' > results/taxonomic_summary/sum_f.txt' returned non-zero exit status 126.
[Thu Sep 11 09:16:19 2025]
Error in rule sintax_summary_clean:
    message: None
    jobid: 40
    input: results/taxonomy/otus_raw.sintax, results/feature_table/otutab_rare.txt
    output: results/taxonomic_summary/sum_f.txt
    shell:
        
        usearch -sintax_summary results/taxonomy/otus_raw.sintax                 -otutabin results/feature_table/otutab_rare.txt                 -rank f         | sed 's/(//g;s/)//g;s/"//g;s/#//g;s/\/Chloroplast//g' > results/taxonomic_summary/sum_f.txt
        
        (command exited with non-zero exit code)
Removing output files of failed job sintax_summary_clean since they might be corrupted:
results/taxonomic_summary/sum_c.txt
RuleException:
CalledProcessError in file "/mnt/d/EasyAmplicon2/snakemake/Snakefile_noconda", line 380:
Command 'set -euo pipefail;  
        usearch -sintax_summary results/taxonomy/otus_raw.sintax                 -otutabin results/feature_table/otutab_rare.txt                 -rank p         | sed 's/(//g;s/)//g;s/"//g;s/#//g;s/\/Chloroplast//g' > results/taxonomic_summary/sum_p.txt' returned non-zero exit status 126.
[Thu Sep 11 09:16:19 2025]
Error in rule sintax_summary_clean:
    message: None
    jobid: 37
    input: results/taxonomy/otus_raw.sintax, results/feature_table/otutab_rare.txt
    output: results/taxonomic_summary/sum_p.txt
    shell:
        
        usearch -sintax_summary results/taxonomy/otus_raw.sintax                 -otutabin results/feature_table/otutab_rare.txt                 -rank p         | sed 's/(//g;s/)//g;s/"//g;s/#//g;s/\/Chloroplast//g' > results/taxonomic_summary/sum_p.txt
        
        (command exited with non-zero exit code)
Removing output files of failed job sintax_summary_clean since they might be corrupted:
results/taxonomic_summary/sum_s.txt
Removing output files of failed job sintax_summary_clean since they might be corrupted:
results/taxonomic_summary/sum_f.txt
Removing output files of failed job sintax_summary_clean since they might be corrupted:
results/taxonomic_summary/sum_p.txt
Removing output files of failed job sintax_summary_clean since they might be corrupted:
results/taxonomic_summary/sum_o.txt
Shutting down, this might take some time.
Exiting because a job execution failed. Look below for error messages
[Thu Sep 11 09:16:19 2025]
Error in rule sintax_summary_clean:
    message: None
    jobid: 41
    input: results/taxonomy/otus_raw.sintax, results/feature_table/otutab_rare.txt
    output: results/taxonomic_summary/sum_g.txt
    shell:
        
        usearch -sintax_summary results/taxonomy/otus_raw.sintax                 -otutabin results/feature_table/otutab_rare.txt                 -rank g         | sed 's/(//g;s/)//g;s/"//g;s/#//g;s/\/Chloroplast//g' > results/taxonomic_summary/sum_g.txt
        
        (command exited with non-zero exit code)
[Thu Sep 11 09:16:19 2025]
Error in rule sintax_summary_clean:
    message: None
    jobid: 38
    input: results/taxonomy/otus_raw.sintax, results/feature_table/otutab_rare.txt
    output: results/taxonomic_summary/sum_c.txt
    shell:
        
        usearch -sintax_summary results/taxonomy/otus_raw.sintax                 -otutabin results/feature_table/otutab_rare.txt                 -rank c         | sed 's/(//g;s/)//g;s/"//g;s/#//g;s/\/Chloroplast//g' > results/taxonomic_summary/sum_c.txt
        
        (command exited with non-zero exit code)
[Thu Sep 11 09:16:19 2025]
Error in rule sintax_summary_clean:
    message: None
    jobid: 42
    input: results/taxonomy/otus_raw.sintax, results/feature_table/otutab_rare.txt
    output: results/taxonomic_summary/sum_s.txt
    shell:
        
        usearch -sintax_summary results/taxonomy/otus_raw.sintax                 -otutabin results/feature_table/otutab_rare.txt                 -rank s         | sed 's/(//g;s/)//g;s/"//g;s/#//g;s/\/Chloroplast//g' > results/taxonomic_summary/sum_s.txt
        
        (command exited with non-zero exit code)
[Thu Sep 11 09:16:19 2025]
Error in rule sintax_summary_clean:
    message: None
    jobid: 39
    input: results/taxonomy/otus_raw.sintax, results/feature_table/otutab_rare.txt
    output: results/taxonomic_summary/sum_o.txt
    shell:
        
        usearch -sintax_summary results/taxonomy/otus_raw.sintax                 -otutabin results/feature_table/otutab_rare.txt                 -rank o         | sed 's/(//g;s/)//g;s/"//g;s/#//g;s/\/Chloroplast//g' > results/taxonomic_summary/sum_o.txt
        
        (command exited with non-zero exit code)
[Thu Sep 11 09:16:19 2025]
Error in rule sintax_summary_clean:
    message: None
    jobid: 40
    input: results/taxonomy/otus_raw.sintax, results/feature_table/otutab_rare.txt
    output: results/taxonomic_summary/sum_f.txt
    shell:
        
        usearch -sintax_summary results/taxonomy/otus_raw.sintax                 -otutabin results/feature_table/otutab_rare.txt                 -rank f         | sed 's/(//g;s/)//g;s/"//g;s/#//g;s/\/Chloroplast//g' > results/taxonomic_summary/sum_f.txt
        
        (command exited with non-zero exit code)
[Thu Sep 11 09:16:19 2025]
Error in rule sintax_summary_clean:
    message: None
    jobid: 37
    input: results/taxonomy/otus_raw.sintax, results/feature_table/otutab_rare.txt
    output: results/taxonomic_summary/sum_p.txt
    shell:
        
        usearch -sintax_summary results/taxonomy/otus_raw.sintax                 -otutabin results/feature_table/otutab_rare.txt                 -rank p         | sed 's/(//g;s/)//g;s/"//g;s/#//g;s/\/Chloroplast//g' > results/taxonomic_summary/sum_p.txt
        
        (command exited with non-zero exit code)
Complete log(s): /mnt/d/EasyAmplicon2/snakemake/.snakemake/log/2025-09-11T091618.674053.snakemake.log
WorkflowError:
At least one job did not complete successfully.
