Assuming unrestricted shared filesystem usage.
None
host: DESKTOP-AN5766Q
Building DAG of jobs...
Using shell: /usr/bin/bash
Provided cores: 8
Rules claiming more threads will be scaled down.
Job stats:
job                  count
-----------------  -------
all                      1
alpha_diversity          1
alpha_rarefaction        1
beta_diversity           1
format_taxonomy          1
rarefy_otutab            1
summary_report           1
taxonomic_summary        1
total                    8

Select jobs to execute...
Execute 2 jobs...
[Wed Sep 10 17:25:02 2025]
localrule rarefy_otutab:
    input: results/feature_table/otutab_clean.txt
    output: results/feature_table/otutab_rare.txt, results/alpha_diversity/alpha_basic.txt
    jobid: 33
    reason: Missing output files: results/feature_table/otutab_rare.txt; Params have changed since last execution: Union of exclusive params before and now across all output: before: 39 now: 7333 
    resources: tmpdir=/tmp
[Wed Sep 10 17:25:02 2025]
localrule format_taxonomy:
    input: results/taxonomy/otus_raw.sintax
    output: results/taxonomy/taxonomy.txt, taxonomy2.txt, otus.tax
    jobid: 31
    reason: Missing output files: results/taxonomy/taxonomy.txt
    resources: tmpdir=/tmp
[Wed Sep 10 17:25:02 2025]
Finished jobid: 31 (Rule: format_taxonomy)
1 of 8 steps (12%) done
Removing temporary output taxonomy2.txt.
Removing temporary output otus.tax.
[Wed Sep 10 17:26:09 2025]
Finished jobid: 33 (Rule: rarefy_otutab)
2 of 8 steps (25%) done
Select jobs to execute...
Execute 4 jobs...
[Wed Sep 10 17:26:09 2025]
localrule taxonomic_summary:
    input: results/taxonomy/otus_raw.sintax, results/feature_table/otutab_rare.txt
    output: results/taxonomic_summary/sum_p.txt, results/taxonomic_summary/sum_c.txt, results/taxonomic_summary/sum_o.txt, results/taxonomic_summary/sum_f.txt, results/taxonomic_summary/sum_g.txt, results/taxonomic_summary/sum_s.txt
    jobid: 37
    reason: Missing output files: results/taxonomic_summary/sum_f.txt, results/taxonomic_summary/sum_c.txt, results/taxonomic_summary/sum_g.txt, results/taxonomic_summary/sum_s.txt, results/taxonomic_summary/sum_p.txt, results/taxonomic_summary/sum_o.txt; Input files updated by another job: results/feature_table/otutab_rare.txt
    resources: tmpdir=/tmp
[Wed Sep 10 17:26:09 2025]
localrule beta_diversity:
    input: results/feature_table/otutab_rare.txt, results/phylogeny/otus.tree
    output: results/beta_diversity/bray_curtis.txt, results/beta_diversity/jaccard.txt, results/beta_diversity/unifrac.txt
    jobid: 35
    reason: Missing output files: results/beta_diversity/bray_curtis.txt; Input files updated by another job: results/feature_table/otutab_rare.txt
    resources: tmpdir=/tmp
[Wed Sep 10 17:26:09 2025]
localrule alpha_rarefaction:
    input: results/feature_table/otutab_rare.txt
    output: results/alpha_diversity/alpha_rare.txt
    jobid: 34
    reason: Missing output files: results/alpha_diversity/alpha_rare.txt; Input files updated by another job: results/feature_table/otutab_rare.txt
    resources: tmpdir=/tmp
[Wed Sep 10 17:26:09 2025]
localrule alpha_diversity:
    input: results/feature_table/otutab_rare.txt
    output: results/alpha_diversity/alpha.txt
    jobid: 32
    reason: Missing output files: results/alpha_diversity/alpha.txt; Input files updated by another job: results/feature_table/otutab_rare.txt
    resources: tmpdir=/tmp
RuleException:
CalledProcessError in file "/mnt/d/EasyAmplicon2/snakemake/Snakefile_noconda", line 374:
Command 'set -euo pipefail;  
        for rank in p c o f g s; do
            usearch -sintax_summary results/taxonomy/otus_raw.sintax                 -otutabin results/feature_table/otutab_rare.txt                 -rank $rank                 -output results/taxonomic_summary/sum_${rank}.txt
        done
        
        # Clean up taxonomy formatting
        sed -i 's/(//g;s/)//g;s/"//g;s/\#//g;s/\/Chloroplast//g' results/taxonomic_summary/sum_*.txt' returned non-zero exit status 1.
[Wed Sep 10 17:26:09 2025]
Error in rule taxonomic_summary:
    message: None
    jobid: 37
    input: results/taxonomy/otus_raw.sintax, results/feature_table/otutab_rare.txt
    output: results/taxonomic_summary/sum_p.txt, results/taxonomic_summary/sum_c.txt, results/taxonomic_summary/sum_o.txt, results/taxonomic_summary/sum_f.txt, results/taxonomic_summary/sum_g.txt, results/taxonomic_summary/sum_s.txt
    shell:
        
        for rank in p c o f g s; do
            usearch -sintax_summary results/taxonomy/otus_raw.sintax                 -otutabin results/feature_table/otutab_rare.txt                 -rank $rank                 -output results/taxonomic_summary/sum_${rank}.txt
        done
        
        # Clean up taxonomy formatting
        sed -i 's/(//g;s/)//g;s/"//g;s/\#//g;s/\/Chloroplast//g' results/taxonomic_summary/sum_*.txt
        
        (command exited with non-zero exit code)
Removing output files of failed job taxonomic_summary since they might be corrupted:
results/taxonomic_summary/sum_p.txt
[Wed Sep 10 17:26:09 2025]
Finished jobid: 32 (Rule: alpha_diversity)
3 of 8 steps (38%) done
[Wed Sep 10 17:26:10 2025]
Finished jobid: 35 (Rule: beta_diversity)
4 of 8 steps (50%) done
[Wed Sep 10 17:26:17 2025]
Finished jobid: 34 (Rule: alpha_rarefaction)
5 of 8 steps (62%) done
Shutting down, this might take some time.
Exiting because a job execution failed. Look below for error messages
[Wed Sep 10 17:26:17 2025]
Error in rule taxonomic_summary:
    message: None
    jobid: 37
    input: results/taxonomy/otus_raw.sintax, results/feature_table/otutab_rare.txt
    output: results/taxonomic_summary/sum_p.txt, results/taxonomic_summary/sum_c.txt, results/taxonomic_summary/sum_o.txt, results/taxonomic_summary/sum_f.txt, results/taxonomic_summary/sum_g.txt, results/taxonomic_summary/sum_s.txt
    shell:
        
        for rank in p c o f g s; do
            usearch -sintax_summary results/taxonomy/otus_raw.sintax                 -otutabin results/feature_table/otutab_rare.txt                 -rank $rank                 -output results/taxonomic_summary/sum_${rank}.txt
        done
        
        # Clean up taxonomy formatting
        sed -i 's/(//g;s/)//g;s/"//g;s/\#//g;s/\/Chloroplast//g' results/taxonomic_summary/sum_*.txt
        
        (command exited with non-zero exit code)
Complete log(s): /mnt/d/EasyAmplicon2/snakemake/.snakemake/log/2025-09-10T172501.685339.snakemake.log
WorkflowError:
At least one job did not complete successfully.
