IQ-TREE multicore version 1.6.10 for Windows 64-bit built Feb 19 2019
Developed by Bui Quang Minh, Nguyen Lam Tung, Olga Chernomor,
Heiko Schmidt, Dominik Schrempf, Michael Woodhams.

Host:    DESKTOP-971FRV6 (AVX2, FMA3, 7 GB RAM)
Command: C:\public\win\iqtree.exe -s otus_aligned.fas -bb 1000 -redo -alrt 1000 -nt AUTO -pre iqtree/otus
Seed:    775904 (Using SPRNG - Scalable Parallel Random Number Generator)
Time:    Sun Dec 29 12:59:05 2019
Kernel:  AVX+FMA - auto-detect threads (12 CPU cores detected)

Reading alignment file otus_aligned.fas ... Fasta format detected
Alignment most likely contains DNA/RNA sequences
Alignment has 100 sequences with 411 columns, 222 distinct patterns
192 parsimony-informative, 20 singleton sites, 199 constant sites
          Gap/Ambiguity  Composition  p-value
   1  ASV_12      9.98%    passed     24.37%
   2  ASV_51      9.98%    passed     14.53%
   3  ASV_40     10.46%    passed     72.98%
   4  ASV_78     10.46%    passed     63.29%
   5  ASV_110     7.79%    passed     95.55%
   6  ASV_16      6.33%    passed     52.60%
   7  ASV_8       6.33%    passed     58.49%
   8  ASV_106     6.33%    passed     58.49%
   9  ASV_53      7.79%    passed     94.89%
  10  ASV_49      8.27%    passed     54.63%
  11  ASV_45      8.27%    passed     66.34%
  12  ASV_18      8.27%    passed     66.34%
  13  ASV_42      8.27%    passed     47.67%
  14  ASV_26      8.27%    passed     46.13%
  15  ASV_92      8.27%    passed     42.35%
  16  ASV_25      8.27%    passed     41.82%
  17  ASV_20      8.27%    passed     49.69%
  18  ASV_23      8.27%    passed     45.99%
  19  ASV_69      8.03%    passed     29.88%
  20  ASV_109     8.27%    passed     33.35%
  21  ASV_59      8.76%    passed     90.07%
  22  ASV_87      8.76%    passed     82.03%
  23  ASV_378     8.52%    passed     50.72%
  24  ASV_86      8.27%    passed     34.21%
  25  ASV_9       8.27%    passed     34.21%
  26  ASV_31      8.27%    passed     23.63%
  27  ASV_28      8.52%    passed     35.02%
  28  ASV_657     6.33%    passed     34.26%
  29  ASV_34      8.27%    passed     51.13%
  30  ASV_21      8.27%    passed     72.37%
  31  ASV_427     8.27%    passed     55.41%
  32  ASV_64      7.54%    passed     98.98%
  33  ASV_54      7.54%    passed     98.19%
  34  ASV_91      7.54%    passed     98.30%
  35  ASV_88      7.54%    passed     98.03%
  36  ASV_84      7.54%    passed     98.93%
  37  ASV_101     7.30%    passed     63.07%
  38  ASV_81      7.79%    passed     96.26%
  39  ASV_114     7.54%    passed     80.16%
  40  ASV_50      9.49%    passed     53.09%
  41  ASV_36      9.49%    passed     43.63%
  42  ASV_83      9.49%    passed     43.63%
  43  ASV_38      9.49%    passed     41.28%
  44  ASV_61      9.49%    passed     61.47%
  45  ASV_11      9.49%    passed     66.06%
  46  ASV_57      9.49%    passed     66.06%
  47  ASV_85      9.49%    passed     37.38%
  48  ASV_41      9.49%    passed     51.59%
  49  ASV_73      9.49%    passed     41.51%
  50  ASV_100     9.49%    passed     75.39%
  51  ASV_13      8.52%    passed     44.73%
  52  ASV_104     8.52%    passed     45.47%
  53  ASV_72      8.52%    passed     56.64%
  54  ASV_75      8.52%    passed     57.48%
  55  ASV_47      8.52%    passed     51.28%
  56  ASV_55      9.49%    passed     91.78%
  57  ASV_3       9.49%    passed     69.96%
  58  ASV_4       9.49%    passed     59.19%
  59  ASV_79      9.49%    passed     88.36%
  60  ASV_2       9.49%    passed     71.77%
  61  ASV_97      9.49%    passed     78.80%
  62  ASV_30      9.49%    passed     75.74%
  63  ASV_32      9.49%    passed     73.46%
  64  ASV_44      9.49%    passed     85.03%
  65  ASV_94      9.49%    passed     55.97%
  66  ASV_166     9.49%    passed     88.36%
  67  ASV_14      9.49%    passed     88.42%
  68  ASV_17      9.49%    passed     91.41%
  69  ASV_6       9.49%    passed     92.47%
  70  ASV_60      9.49%    passed     87.29%
  71  ASV_39      9.49%    passed     88.42%
  72  ASV_102     8.52%    passed     79.66%
  73  ASV_33      8.52%    passed     98.23%
  74  ASV_37      8.52%    passed     94.20%
  75  ASV_89      8.52%    passed     96.38%
  76  ASV_77      8.52%    passed     93.04%
  77  ASV_46      8.52%    passed     93.56%
  78  ASV_93      7.79%    passed     98.76%
  79  ASV_76      7.79%    passed     99.93%
  80  ASV_70      7.79%    passed     99.94%
  81  ASV_80      7.79%    passed     99.88%
  82  ASV_67      8.03%    passed     92.20%
  83  ASV_2157    8.03%    passed     98.37%
  84  ASV_43      7.79%    passed     90.87%
  85  ASV_24      8.03%    passed     68.15%
  86  ASV_63      8.76%    passed     93.18%
  87  ASV_66      7.79%    passed     99.62%
  88  ASV_71      7.54%    passed     65.15%
  89  ASV_29      7.54%    passed     98.17%
  90  ASV_10      7.54%    passed     98.04%
  91  ASV_48      7.54%    passed     94.12%
  92  ASV_62      7.54%    passed     98.66%
  93  ASV_2105    8.03%    passed     80.88%
  94  ASV_27      7.54%    passed     88.39%
  95  ASV_74      7.54%    passed     83.06%
  96  ASV_15      7.54%    passed     86.30%
  97  ASV_56      8.27%    passed     91.35%
  98  ASV_96      8.27%    passed     87.33%
  99  ASV_22      7.54%    passed     94.98%
 100  ASV_68      8.27%    passed     85.04%
****  TOTAL       8.47%  0 sequences failed composition chi2 test (p-value<5%; df=3)

NOTE: Restoring information from model checkpoint file iqtree/otus.model.gz

CHECKPOINT: Initial tree restored
NOTE: ModelFinder requires 8 MB RAM!
ModelFinder will test 286 DNA models (sample size: 411) ...
 No. Model         -LnL         df  AIC          AICc         BIC
  1  JC            8209.223     197 16812.445    17178.699    17604.108
  2  JC+I          7434.714     198 15265.428    15637.145    16061.109
  3  JC+G4         7085.897     198 14567.795    14939.511    15363.476
  4  JC+I+G4       7035.813     199 14469.627    14846.878    15269.327
  5  JC+R2         7227.439     199 14852.878    15230.129    15652.578
  6  JC+R3         7094.338     201 14590.676    14979.212    15398.413
  7  JC+R4         7077.348     203 14560.696    14960.812    15376.470
  8  JC+R5         7067.127     205 14544.255    14956.255    15368.066
  9  JC+R6         7059.176     207 14532.352    14956.549    15364.201
 10  JC+R7         7051.692     209 14521.385    14958.101    15361.271
 11  JC+R8         7046.588     211 14515.176    14964.744    15363.100
 14  F81+F         8230.801     200 16861.602    17244.459    17665.320
 15  F81+F+I       7455.768     201 15313.536    15702.072    16121.273
 16  F81+F+G4      7102.684     201 14607.368    14995.904    15415.105
 17  F81+F+I+G4    7054.089     202 14512.177    14906.466    15323.933
 18  F81+F+R2      7234.324     202 14872.648    15266.936    15684.404
 19  F81+F+R3      7103.673     204 14615.346    15021.366    15435.139
 20  F81+F+R4      7092.831     206 14597.661    15015.720    15425.491
 21  F81+F+R5      7087.124     208 14590.248    15020.664    15426.115
 27  K2P           8075.346     198 16546.693    16918.410    17342.374
 28  K2P+I         7294.901     199 14987.802    15365.053    15787.502
 29  K2P+G4        6928.884     199 14255.768    14633.019    15055.468
 30  K2P+I+G4      6880.797     200 14161.593    14544.450    14965.312
 31  K2P+R2        7051.937     200 14503.873    14886.730    15307.592
 32  K2P+R3        6927.654     202 14259.307    14653.596    15071.063
 33  K2P+R4        6921.967     204 14251.934    14657.953    15071.727
 40  HKY+F         8096.979     201 16595.958    16984.494    17403.695
 41  HKY+F+I       7311.810     202 15027.620    15421.908    15839.376
 42  HKY+F+G4      6935.660     202 14275.320    14669.608    15087.076
 43  HKY+F+I+G4    6889.246     203 14184.492    14584.608    15000.267
 44  HKY+F+R2      7069.042     203 14544.083    14944.199    15359.858
 45  HKY+F+R3      6940.781     205 14291.562    14703.562    15115.374
 46  HKY+F+R4      6934.640     207 14283.281    14707.478    15115.129
 47  HKY+F+R5      6928.341     209 14274.682    14711.399    15114.568
 48  HKY+F+R6      6919.012     211 14260.023    14709.591    15107.946
 49  HKY+F+R7      6910.212     213 14246.424    14709.186    15102.385
 50  HKY+F+R8      6904.023     215 14238.046    14714.354    15102.044
 51  HKY+F+R9      6899.378     217 14232.756    14722.974    15104.791
 53  TNe           8054.587     199 16507.173    16884.424    17306.873
 54  TNe+I         7281.948     200 14963.897    15346.754    15767.615
 55  TNe+G4        6916.902     200 14233.803    14616.660    15037.522
 56  TNe+I+G4      6870.884     201 14143.768    14532.303    14951.505
 57  TNe+R2        7037.422     201 14476.843    14865.379    15284.581
 58  TNe+R3        6917.421     203 14240.841    14640.957    15056.615
 59  TNe+R4        6911.983     205 14233.965    14645.965    15057.777
 66  TN+F          8060.335     202 16524.670    16918.958    17336.426
 67  TN+F+I        7288.042     203 14982.084    15382.200    15797.858
 68  TN+F+G4       6912.860     203 14231.721    14631.837    15047.495
 69  TN+F+I+G4     6869.339     204 14146.677    14552.697    14966.470
 70  TN+F+R2       7049.668     204 14507.337    14913.356    15327.130
 71  TN+F+R3       6917.820     206 14247.640    14665.699    15075.471
 72  TN+F+R4       6912.999     208 14241.998    14672.414    15077.866
 79  K3P           8075.173     199 16548.346    16925.597    17348.046
 80  K3P+I         7294.756     200 14989.512    15372.369    15793.231
 81  K3P+G4        6928.732     200 14257.464    14640.321    15061.183
 82  K3P+I+G4      6880.684     201 14163.367    14551.903    14971.105
 83  K3P+R2        7043.156     201 14488.311    14876.847    15296.049
 84  K3P+R3        6926.736     203 14259.471    14659.587    15075.246
 85  K3P+R4        6921.876     205 14253.752    14665.752    15077.563
 92  K3Pu+F        8096.935     202 16597.870    16992.158    17409.626
 93  K3Pu+F+I      7311.778     203 15029.557    15429.673    15845.331
 94  K3Pu+F+G4     6935.650     203 14277.301    14677.416    15093.075
 95  K3Pu+F+I+G4   6889.247     204 14186.493    14592.513    15006.286
 96  K3Pu+F+R2     7066.382     204 14540.764    14946.783    15360.557
 97  K3Pu+F+R3     6939.848     206 14291.695    14709.754    15119.525
 98  K3Pu+F+R4     6934.630     208 14285.260    14715.676    15121.128
105  TPM2+F        8096.176     202 16596.353    16990.641    17408.108
106  TPM2+F+I      7308.509     203 15023.018    15423.134    15838.792
107  TPM2+F+G4     6928.502     203 14263.004    14663.120    15078.778
108  TPM2+F+I+G4   6882.406     204 14172.812    14578.831    14992.605
109  TPM2+F+R2     7065.357     204 14538.715    14944.734    15358.508
110  TPM2+F+R3     6935.667     206 14283.334    14701.393    15111.164
111  TPM2+F+R4     6930.093     208 14276.186    14706.602    15112.054
118  TPM2u+F       8096.176     202 16596.352    16990.640    17408.108
119  TPM2u+F+I     7308.509     203 15023.019    15423.135    15838.793
120  TPM2u+F+G4    6928.503     203 14263.005    14663.121    15078.779
121  TPM2u+F+I+G4  6882.405     204 14172.809    14578.829    14992.602
122  TPM2u+F+R2    7065.401     204 14538.802    14944.821    15358.595
123  TPM2u+F+R3    6935.665     206 14283.330    14701.388    15111.160
124  TPM2u+F+R4    6930.087     208 14276.175    14706.590    15112.042
131  TPM3+F        8089.114     202 16582.227    16976.516    17393.983
132  TPM3+F+I      7306.381     203 15018.763    15418.879    15834.537
133  TPM3+F+G4     6920.127     203 14246.253    14646.369    15062.028
134  TPM3+F+I+G4   6875.506     204 14159.012    14565.032    14978.805
135  TPM3+F+R2     7059.939     204 14527.877    14933.897    15347.670
136  TPM3+F+R3     6927.489     206 14266.978    14685.036    15094.808
137  TPM3+F+R4     6922.175     208 14260.349    14690.765    15096.217
144  TPM3u+F       8089.113     202 16582.226    16976.515    17393.982
145  TPM3u+F+I     7306.381     203 15018.761    15418.877    15834.536
146  TPM3u+F+G4    6920.126     203 14246.253    14646.369    15062.027
147  TPM3u+F+I+G4  6875.504     204 14159.007    14565.027    14978.800
148  TPM3u+F+R2    7059.947     204 14527.895    14933.914    15347.688
149  TPM3u+F+R3    6927.488     206 14266.976    14685.035    15094.806
150  TPM3u+F+R4    6922.170     208 14260.341    14690.757    15096.208
157  TIMe          8054.421     200 16508.843    16891.700    17312.561
158  TIMe+I        7281.808     201 14965.615    15354.151    15773.353
159  TIMe+G4       6916.795     201 14235.589    14624.125    15043.327
160  TIMe+I+G4     6870.765     202 14145.530    14539.818    14957.286
161  TIMe+R2       7036.628     202 14477.256    14871.545    15289.012
162  TIMe+R3       6916.649     204 14241.299    14647.318    15061.092
163  TIMe+R4       6911.879     206 14235.758    14653.816    15063.588
170  TIM+F         8060.293     203 16526.586    16926.702    17342.361
171  TIM+F+I       7288.014     204 14984.029    15390.048    15803.822
172  TIM+F+G4      6912.860     204 14233.719    14639.739    15053.512
173  TIM+F+I+G4    6869.339     205 14148.677    14560.677    14972.489
174  TIM+F+R2      7049.521     205 14509.042    14921.042    15332.853
175  TIM+F+R3      6917.819     207 14249.638    14673.835    15081.487
176  TIM+F+R4      6912.991     209 14243.983    14680.699    15083.869
183  TIM2e         8054.524     200 16509.048    16891.906    17312.767
184  TIM2e+I       7281.514     201 14965.028    15353.564    15772.765
185  TIM2e+G4      6915.132     201 14232.264    14620.800    15040.001
186  TIM2e+I+G4    6869.503     202 14143.005    14537.294    14954.761
187  TIM2e+R2      7036.382     202 14476.765    14871.053    15288.520
188  TIM2e+R3      6916.086     204 14240.171    14646.191    15059.964
189  TIM2e+R4      6911.319     206 14234.637    14652.696    15062.467
196  TIM2+F        8059.543     203 16525.086    16925.202    17340.860
197  TIM2+F+I      7284.894     204 14977.789    15383.808    15797.582
198  TIM2+F+G4     6906.006     204 14220.013    14626.032    15039.806
199  TIM2+F+I+G4   6863.134     205 14136.268    14548.268    14960.079
200  TIM2+F+R2     7048.573     205 14507.146    14919.146    15330.958
201  TIM2+F+R3     6912.887     207 14239.773    14663.970    15071.622
202  TIM2+F+R4     6908.460     209 14234.919    14671.636    15074.805
209  TIM3e         8050.360     200 16500.721    16883.578    17304.439
210  TIM3e+I       7279.070     201 14960.139    15348.675    15767.876
211  TIM3e+G4      6907.070     201 14216.140    14604.675    15023.877
212  TIM3e+I+G4    6862.074     202 14128.148    14522.436    14939.904
213  TIM3e+R2      7032.980     202 14469.961    14864.249    15281.716
214  TIM3e+R3      6908.759     204 14225.517    14631.536    15045.310
215  TIM3e+R4      6904.076     206 14220.151    14638.210    15047.982
222  TIM3+F        8052.078     203 16510.156    16910.271    17325.930
223  TIM3+F+I      7282.354     204 14972.708    15378.727    15792.501
224  TIM3+F+G4     6896.500     204 14201.000    14607.019    15020.793
225  TIM3+F+I+G4   6854.235     205 14118.470    14530.470    14942.282
226  TIM3+F+R2     7042.093     205 14494.186    14906.186    15317.997
227  TIM3+F+R3     6904.158     207 14222.316    14646.513    15054.165
228  TIM3+F+R4     6899.201     209 14216.402    14653.119    15056.288
235  TVMe          8070.837     201 16543.673    16932.209    17351.411
236  TVMe+I        7291.339     202 14986.677    15380.966    15798.433
237  TVMe+G4       6916.781     202 14237.562    14631.850    15049.318
238  TVMe+I+G4     6870.495     203 14146.990    14547.106    14962.764
239  TVMe+R2       7039.504     203 14485.009    14885.125    15300.783
240  TVMe+R3       6918.355     205 14246.709    14658.709    15070.521
241  TVMe+R4       6913.732     207 14241.464    14665.661    15073.313
248  TVM+F         8087.893     204 16583.786    16989.806    17403.579
249  TVM+F+I       7302.731     205 15015.462    15427.462    15839.273
250  TVM+F+G4      6912.238     205 14234.476    14646.476    15058.288
251  TVM+F+I+G4    6868.040     206 14148.081    14566.140    14975.911
252  TVM+F+R2      7058.696     206 14529.392    14947.451    15357.222
253  TVM+F+R3      6922.323     208 14260.646    14691.062    15096.514
254  TVM+F+R4      6917.090     210 14254.179    14697.279    15098.084
261  SYM           8049.873     202 16503.746    16898.034    17315.502
262  SYM+I         7278.238     203 14962.476    15362.591    15778.250
263  SYM+G4        6904.452     203 14214.903    14615.019    15030.678
264  SYM+I+G4      6860.078     204 14128.156    14534.176    14947.949
265  SYM+R2        7032.706     204 14473.413    14879.432    15293.206
266  SYM+R3        6907.505     206 14227.010    14645.069    15054.840
267  SYM+R4        6902.925     208 14221.849    14652.265    15057.717
274  GTR+F         8050.858     205 16511.717    16923.717    17335.528
275  GTR+F+I       7278.824     206 14969.648    15387.707    15797.478
276  GTR+F+G4      6888.991     206 14189.982    14608.041    15017.812
277  GTR+F+I+G4    6847.547     207 14109.094    14533.291    14940.943
278  GTR+F+R2      7041.027     207 14496.054    14920.251    15327.903
279  GTR+F+R3      6899.076     209 14216.152    14652.868    15056.038
280  GTR+F+R4      6894.208     211 14210.415    14659.983    15058.338
Akaike Information Criterion:           GTR+F+I+G4
Corrected Akaike Information Criterion: TIM3e+I+G4
Bayesian Information Criterion:         TIM3e+I+G4
Best-fit model: TIM3e+I+G4 chosen according to BIC

All model information printed to iqtree/otus.model.gz
CPU time for ModelFinder: 0.172 seconds (0h:0m:0s)
Wall-clock time for ModelFinder: 1.050 seconds (0h:0m:1s)
Generating 1000 samples for ultrafast bootstrap (seed: 775904)...

NOTE: 3 MB RAM (0 GB) is required!
Measuring multi-threading efficiency up to 12 CPU cores
Increase to 10 rounds for branch lengths
333 trees examined
Threads: 1 / Time: 12.030 sec / Speedup: 1.000 / Efficiency: 100% / LogL: -14964
Threads: 2 / Time: 8.961 sec / Speedup: 1.342 / Efficiency: 67% / LogL: -14964
Threads: 3 / Time: 8.326 sec / Speedup: 1.445 / Efficiency: 48% / LogL: -14964
BEST NUMBER OF THREADS: 2

Estimate model parameters (epsilon = 0.100)
Thoroughly optimizing +I+G parameters from 10 start values...
Init pinv, alpha: 0.000, 1.000 / Estimate: 0.000, 0.316 / LogL: -6907.068
Init pinv, alpha: 0.054, 1.000 / Estimate: 0.371, 0.560 / LogL: -6862.072
Init pinv, alpha: 0.108, 1.000 / Estimate: 0.371, 0.560 / LogL: -6862.073
Init pinv, alpha: 0.161, 1.000 / Estimate: 0.368, 0.555 / LogL: -6862.097
Init pinv, alpha: 0.215, 1.000 / Estimate: 0.369, 0.557 / LogL: -6862.088
Init pinv, alpha: 0.269, 1.000 / Estimate: 0.371, 0.560 / LogL: -6862.077
Init pinv, alpha: 0.323, 1.000 / Estimate: 0.367, 0.551 / LogL: -6862.118
Init pinv, alpha: 0.377, 1.000 / Estimate: 0.382, 0.584 / LogL: -6862.050
Init pinv, alpha: 0.430, 1.000 / Estimate: 0.388, 0.600 / LogL: -6862.085
Init pinv, alpha: 0.484, 1.000 / Estimate: 0.387, 0.598 / LogL: -6862.082
Optimal pinv,alpha: 0.382, 0.584 / LogL: -6862.050

Parameters optimization took 1.213 sec
Computing ML distances based on estimated model parameters... 0.125 sec
Computing BIONJ tree...
0.013 seconds
Log-likelihood of BIONJ tree: -6904.537
--------------------------------------------------------------------
|             INITIALIZING CANDIDATE TREE SET                      |
--------------------------------------------------------------------
Generating 98 parsimony trees... 0.906 second
Computing log-likelihood of 98 initial trees ... 0.842 seconds
Current best score: -6838.735

Do NNI search on 20 best initial trees
Estimate model parameters (epsilon = 0.100)
BETTER TREE FOUND at iteration 1: -6810.386
Estimate model parameters (epsilon = 0.100)
BETTER TREE FOUND at iteration 2: -6804.633
Iteration 10 / LogL: -6819.696 / Time: 0h:0m:34s
Iteration 20 / LogL: -6810.768 / Time: 0h:0m:36s
Finish initializing candidate tree set (20)
Current best tree score: -6804.633 / CPU time: 5.656
Number of iterations: 20
--------------------------------------------------------------------
|               OPTIMIZING CANDIDATE TREE SET                      |
--------------------------------------------------------------------
Estimate model parameters (epsilon = 0.100)
BETTER TREE FOUND at iteration 26: -6803.169
Iteration 30 / LogL: -6807.409 / Time: 0h:0m:38s (0h:2m:6s left)
Iteration 40 / LogL: -6815.865 / Time: 0h:0m:39s (0h:1m:27s left)
Iteration 50 / LogL: -6805.733 / Time: 0h:0m:41s (0h:1m:4s left)
Log-likelihood cutoff on original alignment: -6857.797
Iteration 60 / LogL: -6803.370 / Time: 0h:0m:43s (0h:0m:48s left)
Estimate model parameters (epsilon = 0.100)
BETTER TREE FOUND at iteration 64: -6802.689
Iteration 70 / LogL: -6810.523 / Time: 0h:0m:45s (0h:1m:1s left)
Iteration 80 / LogL: -6808.340 / Time: 0h:0m:47s (0h:0m:50s left)
Iteration 90 / LogL: -6803.190 / Time: 0h:0m:48s (0h:0m:40s left)
Iteration 100 / LogL: -6817.394 / Time: 0h:0m:50s (0h:0m:32s left)
Log-likelihood cutoff on original alignment: -6849.033
NOTE: Bootstrap correlation coefficient of split occurrence frequencies: 0.995
Iteration 110 / LogL: -6810.503 / Time: 0h:0m:52s (0h:0m:43s left)
Iteration 120 / LogL: -6805.453 / Time: 0h:0m:54s (0h:0m:36s left)
Iteration 130 / LogL: -6806.600 / Time: 0h:0m:56s (0h:0m:30s left)
Iteration 140 / LogL: -6808.780 / Time: 0h:0m:58s (0h:0m:25s left)
Iteration 150 / LogL: -6803.376 / Time: 0h:0m:59s (0h:0m:20s left)
Log-likelihood cutoff on original alignment: -6849.033
Iteration 160 / LogL: -6837.935 / Time: 0h:1m:1s (0h:0m:15s left)
TREE SEARCH COMPLETED AFTER 165 ITERATIONS / Time: 0h:1m:2s

--------------------------------------------------------------------
|                    FINALIZING TREE SEARCH                        |
--------------------------------------------------------------------
Performs final model parameters optimization
Estimate model parameters (epsilon = 0.010)
1. Initial log-likelihood: -6802.689
Optimal log-likelihood: -6802.688
Rate parameters:  A-C: 0.59563  A-G: 1.95625  A-T: 1.00000  C-G: 0.59563  C-T: 2.93044  G-T: 1.00000
Base frequencies:  A: 0.250  C: 0.250  G: 0.250  T: 0.250
Proportion of invariable sites: 0.393
Gamma shape alpha: 0.620
Parameters optimization took 1 rounds (0.029 sec)
BEST SCORE FOUND : -6802.688

Testing tree branches by SH-like aLRT with 1000 replicates...
0.653 sec.
Creating bootstrap support values...
Split supports printed to NEXUS file iqtree/otus.splits.nex
Total tree length: 7.994

Total number of iterations: 165
CPU time used for tree search: 60.688 sec (0h:1m:0s)
Wall-clock time used for tree search: 31.798 sec (0h:0m:31s)
Total CPU time used: 119.734 sec (0h:1m:59s)
Total wall-clock time used: 63.508 sec (0h:1m:3s)

Computing bootstrap consensus tree...
Reading input file iqtree/otus.splits.nex...
100 taxa and 576 splits.
Consensus tree written to iqtree/otus.contree
Reading input trees file iqtree/otus.contree
Log-likelihood of consensus tree: -6802.881

Analysis results written to: 
  IQ-TREE report:                iqtree/otus.iqtree
  Maximum-likelihood tree:       iqtree/otus.treefile
  Likelihood distances:          iqtree/otus.mldist

Ultrafast bootstrap approximation results written to:
  Split support values:          iqtree/otus.splits.nex
  Consensus tree:                iqtree/otus.contree
  Screen log file:               iqtree/otus.log

Date and Time: Sun Dec 29 13:00:10 2019
