2025-07-22 09:54:41,129 NanoPlot 1.44.1 started with arguments Namespace(threads=4, verbose=False, store=False, raw=False, huge=False, outdir='result/nanoplot_reports/E2_report/', no_static=False, prefix='', tsv_stats=False, only_report=False, info_in_report=False, maxlength=None, minlength=None, drop_outliers=False, downsample=None, loglength=True, percentqual=False, alength=False, minqual=None, runtime_until=None, readtype='1D', barcoded=False, no_supplementary=False, color='#4CB391', colormap='Greens', format=['png'], plots=['hex', 'dot'], legacy=None, listcolors=False, listcolormaps=False, no_N50=False, N50=True, title=None, font_scale=1, dpi=100, hide_stats=False, fastq=['seq/E2.fastq'], fasta=None, fastq_rich=None, fastq_minimal=None, summary=None, bam=None, ubam=None, cram=None, pickle=None, feather=None, path='result/nanoplot_reports/E2_report/')
2025-07-22 09:54:41,129 Python version is: 3.12.11 | packaged by conda-forge | (main, Jun  4 2025, 14:45:31) [GCC 13.3.0]
2025-07-22 09:54:41,146 Nanoget: Starting to collect statistics from plain fastq file.
2025-07-22 09:56:12,553 Reduced DataFrame memory usage from 5.793033599853516Mb to 5.793033599853516Mb
2025-07-22 09:56:12,579 Nanoget: Gathered all metrics of 379644 reads
2025-07-22 09:56:12,732 Calculated statistics
2025-07-22 09:56:12,733 Using sequenced read lengths for plotting.
2025-07-22 09:56:12,736 Using log10 scaled read lengths.
2025-07-22 09:56:12,754 NanoPlot:  Valid color #4CB391.
2025-07-22 09:56:12,755 NanoPlot:  Valid colormap Greens.
2025-07-22 09:56:12,770 NanoPlot:  Creating length plots for Read length.
2025-07-22 09:56:12,771 NanoPlot: Using 379644 reads with read length N50 of 1585bp and maximum of 1650bp.
2025-07-22 09:56:18,239 Saved result/nanoplot_reports/E2_report/WeightedHistogramReadlength  as png (or png for --legacy)
2025-07-22 09:56:24,768 Saved result/nanoplot_reports/E2_report/WeightedLogTransformed_HistogramReadlength  as png (or png for --legacy)
2025-07-22 09:56:34,820 Saved result/nanoplot_reports/E2_report/Non_weightedHistogramReadlength  as png (or png for --legacy)
2025-07-22 09:56:39,518 Saved result/nanoplot_reports/E2_report/Non_weightedLogTransformed_HistogramReadlength  as png (or png for --legacy)
2025-07-22 09:56:39,519 NanoPlot: Creating yield by minimal length plot for Read length.
2025-07-22 09:56:48,720 Saved result/nanoplot_reports/E2_report/Yield_By_Length  as png (or png for --legacy)
2025-07-22 09:56:48,723 Created length plots
2025-07-22 09:56:48,727 NanoPlot: Creating Read lengths vs Average read quality plots using 379644 reads.
2025-07-22 09:56:54,366 Saved result/nanoplot_reports/E2_report/LengthvsQualityScatterPlot_dot  as png (or png for --legacy)
2025-07-22 09:56:54,378 NanoPlot: Creating Read lengths vs Average read quality plots using 379644 reads.
2025-07-22 09:57:00,157 Saved result/nanoplot_reports/E2_report/LengthvsQualityScatterPlot_loglength_dot  as png (or png for --legacy)
2025-07-22 09:57:00,159 Created LengthvsQual plot
2025-07-22 09:57:00,159 Writing html report.
2025-07-22 09:57:00,178 Finished!
